TN:
SF:src/data/NoteClassification.js
FN:438,(anonymous_0)
FN:446,(anonymous_1)
FN:455,(anonymous_2)
FN:460,(anonymous_3)
FN:463,(anonymous_4)
FN:490,(anonymous_5)
FN:495,(anonymous_6)
FN:500,(anonymous_7)
FN:511,(anonymous_8)
FN:516,(anonymous_9)
FN:523,(anonymous_10)
FN:527,(anonymous_11)
FN:532,(anonymous_12)
FN:535,(anonymous_13)
FN:545,(anonymous_14)
FN:598,(anonymous_15)
FNF:16
FNH:9
FNDA:161,(anonymous_0)
FNDA:1,(anonymous_1)
FNDA:160,(anonymous_2)
FNDA:176,(anonymous_3)
FNDA:19008,(anonymous_4)
FNDA:0,(anonymous_5)
FNDA:0,(anonymous_6)
FNDA:0,(anonymous_7)
FNDA:1,(anonymous_8)
FNDA:0,(anonymous_9)
FNDA:0,(anonymous_10)
FNDA:0,(anonymous_11)
FNDA:7,(anonymous_12)
FNDA:58,(anonymous_13)
FNDA:11,(anonymous_14)
FNDA:0,(anonymous_15)
DA:4,3
DA:435,3
DA:439,161
DA:447,1
DA:456,160
DA:461,176
DA:462,765
DA:463,2322
DA:464,19008
DA:466,160
DA:478,16
DA:491,0
DA:492,0
DA:495,0
DA:496,0
DA:500,0
DA:501,0
DA:502,0
DA:503,0
DA:507,0
DA:512,1
DA:517,0
DA:518,0
DA:520,0
DA:523,0
DA:528,0
DA:533,7
DA:535,7
DA:536,58
DA:537,58
DA:538,58
DA:541,7
DA:546,11
DA:594,11
DA:599,0
DA:618,3
LF:36
LH:21
BRDA:463,0,0,160
BRDA:463,0,1,2162
BRDA:502,1,0,0
BRDA:502,1,1,0
BRDA:512,2,0,1
BRDA:512,2,1,0
BRDA:518,3,0,0
BRDA:518,3,1,0
BRDA:528,4,0,0
BRDA:528,4,1,0
BRDA:538,5,0,58
BRDA:538,5,1,19
BRDA:594,6,0,11
BRDA:594,6,1,0
BRF:14
BRH:6
end_of_record
TN:
SF:src/models/Perfume.js
FN:4,(anonymous_0)
FNF:1
FNH:1
FNDA:58,(anonymous_0)
DA:14,58
DA:15,1
DA:19,57
DA:20,1
DA:23,56
DA:24,56
DA:25,56
DA:26,56
DA:27,56
DA:28,56
DA:29,56
DA:30,56
DA:34,4
LF:13
LH:13
BRDA:8,0,0,15
BRDA:11,1,0,58
BRDA:14,2,0,1
BRDA:14,2,1,57
BRDA:14,3,0,58
BRDA:14,3,1,57
BRDA:19,4,0,1
BRDA:19,4,1,56
BRDA:19,5,0,57
BRDA:19,5,1,57
BRF:10
BRH:10
end_of_record
TN:
SF:src/models/UserCollection.js
FN:6,(anonymous_0)
FN:12,(anonymous_1)
FN:23,(anonymous_2)
FN:25,(anonymous_3)
FN:30,(anonymous_4)
FN:35,(anonymous_5)
FN:40,(anonymous_6)
FN:41,(anonymous_7)
FN:45,(anonymous_8)
FN:46,(anonymous_9)
FN:50,(anonymous_10)
FN:51,(anonymous_11)
FN:61,(anonymous_12)
FN:65,(anonymous_13)
FN:72,(anonymous_14)
FN:79,(anonymous_15)
FN:80,(anonymous_16)
FN:91,(anonymous_17)
FN:96,(anonymous_18)
FN:103,(anonymous_19)
FN:112,(anonymous_20)
FN:117,(anonymous_21)
FN:134,(anonymous_22)
FN:139,(anonymous_23)
FN:146,(anonymous_24)
FN:171,(anonymous_25)
FN:172,(anonymous_26)
FN:183,(anonymous_27)
FN:185,(anonymous_28)
FN:190,(anonymous_29)
FN:197,(anonymous_30)
FN:215,(anonymous_31)
FN:231,(anonymous_32)
FN:236,(anonymous_33)
FN:237,(anonymous_34)
FN:239,(anonymous_35)
FN:247,(anonymous_36)
FN:250,(anonymous_37)
FN:257,(anonymous_38)
FN:258,(anonymous_39)
FNF:40
FNH:36
FNDA:14,(anonymous_0)
FNDA:39,(anonymous_1)
FNDA:1,(anonymous_2)
FNDA:2,(anonymous_3)
FNDA:4,(anonymous_4)
FNDA:3,(anonymous_5)
FNDA:42,(anonymous_6)
FNDA:60,(anonymous_7)
FNDA:1,(anonymous_8)
FNDA:3,(anonymous_9)
FNDA:1,(anonymous_10)
FNDA:3,(anonymous_11)
FNDA:4,(anonymous_12)
FNDA:16,(anonymous_13)
FNDA:86,(anonymous_14)
FNDA:64,(anonymous_15)
FNDA:184,(anonymous_16)
FNDA:4,(anonymous_17)
FNDA:19,(anonymous_18)
FNDA:9,(anonymous_19)
FNDA:9,(anonymous_20)
FNDA:7,(anonymous_21)
FNDA:4,(anonymous_22)
FNDA:10,(anonymous_23)
FNDA:49,(anonymous_24)
FNDA:18,(anonymous_25)
FNDA:26,(anonymous_26)
FNDA:3,(anonymous_27)
FNDA:8,(anonymous_28)
FNDA:12,(anonymous_29)
FNDA:12,(anonymous_30)
FNDA:3,(anonymous_31)
FNDA:1,(anonymous_32)
FNDA:3,(anonymous_33)
FNDA:3,(anonymous_34)
FNDA:10,(anonymous_35)
FNDA:0,(anonymous_36)
FNDA:0,(anonymous_37)
FNDA:0,(anonymous_38)
FNDA:0,(anonymous_39)
DA:3,3
DA:7,14
DA:8,14
DA:14,39
DA:15,1
DA:18,38
DA:19,38
DA:24,1
DA:25,2
DA:26,1
DA:31,4
DA:36,3
DA:41,60
DA:46,3
DA:51,1
DA:52,3
DA:57,3
DA:62,4
DA:65,4
DA:66,16
DA:72,16
DA:73,86
DA:78,4
DA:79,64
DA:82,184
DA:83,37
DA:86,147
DA:92,4
DA:93,4
DA:96,4
DA:97,19
DA:98,19
DA:102,4
DA:103,4
DA:104,9
DA:111,4
DA:112,9
DA:119,7
DA:120,5
DA:123,2
DA:126,4
DA:135,4
DA:136,4
DA:139,4
DA:140,10
DA:146,10
DA:147,49
DA:148,49
DA:149,49
DA:151,49
DA:152,18
DA:155,49
DA:156,26
DA:164,49
DA:165,49
DA:166,49
DA:171,4
DA:172,18
DA:173,26
DA:174,26
DA:179,4
DA:184,3
DA:185,3
DA:186,8
DA:189,3
DA:190,12
DA:193,3
DA:194,3
DA:195,3
DA:197,3
DA:198,12
DA:199,12
DA:201,12
DA:202,4
DA:203,4
DA:208,3
DA:209,3
DA:211,3
DA:216,3
DA:218,3
DA:220,1
DA:222,2
DA:224,0
DA:226,0
DA:232,1
DA:233,1
DA:236,1
DA:237,3
DA:238,3
DA:239,10
DA:243,1
DA:248,0
DA:250,0
DA:251,0
DA:257,0
DA:258,0
DA:259,0
DA:272,3
LF:98
LH:90
BRDA:14,0,0,1
BRDA:14,0,1,38
BRDA:73,1,0,86
BRDA:73,1,1,64
BRDA:82,2,0,37
BRDA:82,2,1,147
BRDA:98,3,0,19
BRDA:98,3,1,9
BRDA:106,4,0,9
BRDA:106,4,1,0
BRDA:119,5,0,5
BRDA:119,5,1,2
BRDA:151,6,0,18
BRDA:151,6,1,31
BRDA:155,7,0,26
BRDA:155,7,1,23
BRDA:198,8,0,12
BRDA:198,8,1,0
BRDA:201,9,0,4
BRDA:201,9,1,8
BRDA:216,10,0,3
BRDA:216,10,1,0
BRDA:218,11,0,1
BRDA:218,11,1,2
BRDA:218,11,2,0
BRDA:218,11,3,0
BRF:26
BRH:21
end_of_record
TN:
SF:src/services/RecommendationEngine.js
FN:8,(anonymous_0)
FN:9,(anonymous_1)
FN:21,(anonymous_2)
FN:26,(anonymous_3)
FN:37,(anonymous_4)
FN:38,(anonymous_5)
FN:57,(anonymous_6)
FN:58,(anonymous_7)
FN:87,(anonymous_8)
FN:96,(anonymous_9)
FN:131,(anonymous_10)
FN:134,(anonymous_11)
FN:143,(anonymous_12)
FN:151,(anonymous_13)
FN:156,(anonymous_14)
FN:168,(anonymous_15)
FN:173,(anonymous_16)
FN:187,(anonymous_17)
FN:188,(anonymous_18)
FN:200,(anonymous_19)
FN:201,(anonymous_20)
FN:213,(anonymous_21)
FN:224,(anonymous_22)
FN:238,(anonymous_23)
FN:239,(anonymous_24)
FN:276,(anonymous_25)
FN:284,(anonymous_26)
FN:295,(anonymous_27)
FNF:28
FNH:28
FNDA:1,(anonymous_0)
FNDA:3,(anonymous_1)
FNDA:2,(anonymous_2)
FNDA:3,(anonymous_3)
FNDA:18,(anonymous_4)
FNDA:81,(anonymous_5)
FNDA:6,(anonymous_6)
FNDA:8,(anonymous_7)
FNDA:21,(anonymous_8)
FNDA:3,(anonymous_9)
FNDA:11,(anonymous_10)
FNDA:58,(anonymous_11)
FNDA:39,(anonymous_12)
FNDA:1,(anonymous_13)
FNDA:3,(anonymous_14)
FNDA:2,(anonymous_15)
FNDA:2,(anonymous_16)
FNDA:10,(anonymous_17)
FNDA:14,(anonymous_18)
FNDA:26,(anonymous_19)
FNDA:26,(anonymous_20)
FNDA:4,(anonymous_21)
FNDA:12,(anonymous_22)
FNDA:52,(anonymous_23)
FNDA:234,(anonymous_24)
FNDA:4,(anonymous_25)
FNDA:17,(anonymous_26)
FNDA:4,(anonymous_27)
DA:3,1
DA:9,1
DA:10,3
DA:11,3
DA:20,1
DA:21,2
DA:27,3
DA:28,3
DA:29,3
DA:30,3
DA:33,3
DA:34,3
DA:37,3
DA:38,81
DA:41,3
DA:42,3
DA:43,3
DA:45,3
DA:46,2
DA:50,3
DA:51,1
DA:52,1
DA:54,3
DA:57,3
DA:58,8
DA:61,3
DA:62,2
DA:63,2
DA:65,3
DA:68,3
DA:69,3
DA:70,3
DA:72,3
DA:73,0
DA:77,3
DA:79,3
DA:88,21
DA:97,3
DA:98,3
DA:101,3
DA:102,3
DA:105,3
DA:106,3
DA:108,3
DA:109,0
DA:110,0
DA:111,0
DA:112,0
DA:113,0
DA:117,0
DA:118,0
DA:119,0
DA:120,0
DA:121,0
DA:124,0
DA:127,3
DA:132,11
DA:134,11
DA:135,58
DA:136,58
DA:137,48
DA:143,11
DA:144,39
DA:153,1
DA:156,1
DA:157,3
DA:158,3
DA:167,1
DA:168,2
DA:174,2
DA:175,2
DA:176,0
DA:180,2
DA:181,2
DA:184,2
DA:185,2
DA:187,2
DA:188,10
DA:189,14
DA:190,14
DA:191,6
DA:197,2
DA:198,2
DA:199,2
DA:200,26
DA:201,26
DA:203,2
DA:214,4
DA:215,4
DA:216,4
DA:219,4
DA:220,4
DA:223,4
DA:224,4
DA:225,12
DA:226,4
DA:227,4
DA:231,4
DA:232,4
DA:233,4
DA:237,4
DA:238,4
DA:239,234
DA:240,5
DA:241,5
DA:245,4
DA:246,4
DA:247,4
DA:251,4
DA:252,4
DA:253,3
DA:254,3
DA:256,4
DA:259,4
DA:260,4
DA:261,3
DA:262,3
DA:264,4
DA:267,4
DA:269,4
DA:277,4
DA:278,4
DA:281,4
DA:282,4
DA:284,4
DA:285,17
DA:286,4
DA:287,4
DA:291,4
DA:296,4
DA:297,7
DA:298,7
DA:299,6
DA:300,3
DA:307,1
DA:313,1
LF:136
LH:123
BRDA:8,0,0,1
BRDA:45,1,0,2
BRDA:45,1,1,1
BRDA:50,2,0,1
BRDA:50,2,1,2
BRDA:61,3,0,2
BRDA:61,3,1,1
BRDA:72,4,0,0
BRDA:72,4,1,3
BRDA:77,5,0,3
BRDA:77,5,1,0
BRDA:110,6,0,0
BRDA:110,6,1,0
BRDA:118,7,0,0
BRDA:118,7,1,0
BRDA:124,8,0,0
BRDA:124,8,1,0
BRDA:136,9,0,48
BRDA:136,9,1,10
BRDA:138,10,0,48
BRDA:138,10,1,39
BRDA:151,11,0,1
BRDA:175,12,0,0
BRDA:175,12,1,2
BRDA:190,13,0,6
BRDA:190,13,1,8
BRDA:225,14,0,4
BRDA:225,14,1,8
BRDA:231,15,0,4
BRDA:231,15,1,0
BRDA:239,16,0,5
BRDA:239,16,1,47
BRDA:245,17,0,4
BRDA:245,17,1,0
BRDA:252,18,0,3
BRDA:252,18,1,1
BRDA:260,19,0,3
BRDA:260,19,1,1
BRDA:267,20,0,4
BRDA:267,20,1,0
BRDA:271,21,0,3
BRDA:271,21,1,1
BRDA:285,22,0,4
BRDA:285,22,1,13
BRDA:285,23,0,17
BRDA:285,23,1,4
BRDA:299,24,0,3
BRDA:299,24,1,3
BRF:48
BRH:36
end_of_record
