TN:
SF:src/models/Perfume.js
FN:4,(anonymous_0)
FNF:1
FNH:1
FNDA:38,(anonymous_0)
DA:14,38
DA:15,1
DA:19,37
DA:20,1
DA:23,36
DA:24,36
DA:25,36
DA:26,36
DA:27,36
DA:28,36
DA:29,36
DA:30,36
DA:34,2
LF:13
LH:13
BRDA:8,0,0,15
BRDA:11,1,0,38
BRDA:14,2,0,1
BRDA:14,2,1,37
BRDA:14,3,0,38
BRDA:14,3,1,37
BRDA:19,4,0,1
BRDA:19,4,1,36
BRDA:19,5,0,37
BRDA:19,5,1,37
BRF:10
BRH:10
end_of_record
TN:
SF:src/models/UserCollection.js
FN:4,(anonymous_0)
FN:10,(anonymous_1)
FN:21,(anonymous_2)
FN:23,(anonymous_3)
FN:28,(anonymous_4)
FN:33,(anonymous_5)
FN:38,(anonymous_6)
FN:39,(anonymous_7)
FN:43,(anonymous_8)
FN:44,(anonymous_9)
FN:48,(anonymous_10)
FN:49,(anonymous_11)
FN:59,(anonymous_12)
FN:63,(anonymous_13)
FN:70,(anonymous_14)
FN:77,(anonymous_15)
FN:78,(anonymous_16)
FN:89,(anonymous_17)
FN:94,(anonymous_18)
FN:101,(anonymous_19)
FN:110,(anonymous_20)
FN:115,(anonymous_21)
FNF:22
FNH:22
FNDA:8,(anonymous_0)
FNDA:27,(anonymous_1)
FNDA:1,(anonymous_2)
FNDA:2,(anonymous_3)
FNDA:4,(anonymous_4)
FNDA:1,(anonymous_5)
FNDA:30,(anonymous_6)
FNDA:50,(anonymous_7)
FNDA:1,(anonymous_8)
FNDA:3,(anonymous_9)
FNDA:1,(anonymous_10)
FNDA:3,(anonymous_11)
FNDA:2,(anonymous_12)
FNDA:10,(anonymous_13)
FNDA:56,(anonymous_14)
FNDA:38,(anonymous_15)
FNDA:116,(anonymous_16)
FNDA:2,(anonymous_17)
FNDA:13,(anonymous_18)
FNDA:7,(anonymous_19)
FNDA:7,(anonymous_20)
FNDA:7,(anonymous_21)
DA:5,8
DA:6,8
DA:12,27
DA:13,1
DA:16,26
DA:17,26
DA:22,1
DA:23,2
DA:24,1
DA:29,4
DA:34,1
DA:39,50
DA:44,3
DA:49,1
DA:50,3
DA:55,3
DA:60,2
DA:63,2
DA:64,10
DA:70,10
DA:71,56
DA:76,2
DA:77,38
DA:80,116
DA:81,31
DA:84,85
DA:90,2
DA:91,2
DA:94,2
DA:95,13
DA:96,13
DA:100,2
DA:101,2
DA:102,7
DA:109,2
DA:110,7
DA:117,7
DA:118,5
DA:121,2
DA:124,2
DA:133,1
LF:41
LH:41
BRDA:12,0,0,1
BRDA:12,0,1,26
BRDA:71,1,0,56
BRDA:71,1,1,38
BRDA:80,2,0,31
BRDA:80,2,1,85
BRDA:96,3,0,13
BRDA:96,3,1,7
BRDA:104,4,0,7
BRDA:104,4,1,0
BRDA:117,5,0,5
BRDA:117,5,1,2
BRF:12
BRH:11
end_of_record
